<?xml version="1.0" encoding="UTF-8"?>
<testsuite name="LeapYearTest" tests="1" skipped="0" failures="0" errors="0" timestamp="2018-09-27T11:37:37" hostname="Black" time="0.002">
  <properties/>
  <testcase name="isLeapYear_numberDivisibleByFour_true" classname="LeapYearTest" time="0.002"/>
  <system-out><![CDATA[]]></system-out>
  <system-err><![CDATA[]]></system-err>
</testsuite>
